I, [2015-08-13T18:39:12.137390 #1529]  INFO -- : Started GET "/" for 176.219.148.246 at 2015-08-13 18:39:12 -0400
I, [2015-08-13T18:39:12.200576 #1529]  INFO -- : Processing by HomeController#index as HTML
I, [2015-08-13T18:39:12.222632 #1529]  INFO -- :   Rendered home/index.html.erb within layouts/application (2.0ms)
I, [2015-08-13T18:39:12.225861 #1529]  INFO -- : Completed 200 OK in 25ms (Views: 9.3ms | ActiveRecord: 0.0ms)
I, [2015-08-13T18:39:12.513922 #1524]  INFO -- : Started GET "/stylesheets/application.css" for 176.219.148.246 at 2015-08-13 18:39:12 -0400
F, [2015-08-13T18:39:12.559596 #1524] FATAL -- : 
ActionController::RoutingError (No route matches [GET] "/stylesheets/application.css"):
  actionpack (4.2.1) lib/action_dispatch/middleware/debug_exceptions.rb:21:in `call'
  actionpack (4.2.1) lib/action_dispatch/middleware/show_exceptions.rb:30:in `call'
  railties (4.2.1) lib/rails/rack/logger.rb:38:in `call_app'
  railties (4.2.1) lib/rails/rack/logger.rb:20:in `block in call'
  activesupport (4.2.1) lib/active_support/tagged_logging.rb:68:in `block in tagged'
  activesupport (4.2.1) lib/active_support/tagged_logging.rb:26:in `tagged'
  activesupport (4.2.1) lib/active_support/tagged_logging.rb:68:in `tagged'
  railties (4.2.1) lib/rails/rack/logger.rb:20:in `call'
  actionpack (4.2.1) lib/action_dispatch/middleware/request_id.rb:21:in `call'
  rack (1.6.1) lib/rack/methodoverride.rb:22:in `call'
  rack (1.6.1) lib/rack/runtime.rb:18:in `call'
  activesupport (4.2.1) lib/active_support/cache/strategy/local_cache_middleware.rb:28:in `call'
  rack (1.6.1) lib/rack/sendfile.rb:113:in `call'
  railties (4.2.1) lib/rails/engine.rb:518:in `call'
  railties (4.2.1) lib/rails/application.rb:164:in `call'
  unicorn (4.9.0) lib/unicorn/http_server.rb:580:in `process_client'
  unicorn (4.9.0) lib/unicorn/http_server.rb:674:in `worker_loop'
  unicorn (4.9.0) lib/unicorn/http_server.rb:529:in `spawn_missing_workers'
  unicorn (4.9.0) lib/unicorn/http_server.rb:140:in `start'
  unicorn (4.9.0) bin/unicorn:126:in `<top (required)>'
  /usr/local/rvm/gems/ruby-2.2.1/bin/unicorn:23:in `load'
  /usr/local/rvm/gems/ruby-2.2.1/bin/unicorn:23:in `<main>'
  /usr/local/rvm/gems/ruby-2.2.1@global/bin/ruby_executable_hooks:15:in `eval'
  /usr/local/rvm/gems/ruby-2.2.1@global/bin/ruby_executable_hooks:15:in `<main>'


I, [2015-08-13T18:39:12.580614 #1529]  INFO -- : Started GET "/javascripts/application.js" for 176.219.148.246 at 2015-08-13 18:39:12 -0400
F, [2015-08-13T18:39:12.583499 #1529] FATAL -- : 
ActionController::RoutingError (No route matches [GET] "/javascripts/application.js"):
  actionpack (4.2.1) lib/action_dispatch/middleware/debug_exceptions.rb:21:in `call'
  actionpack (4.2.1) lib/action_dispatch/middleware/show_exceptions.rb:30:in `call'
  railties (4.2.1) lib/rails/rack/logger.rb:38:in `call_app'
  railties (4.2.1) lib/rails/rack/logger.rb:20:in `block in call'
  activesupport (4.2.1) lib/active_support/tagged_logging.rb:68:in `block in tagged'
  activesupport (4.2.1) lib/active_support/tagged_logging.rb:26:in `tagged'
  activesupport (4.2.1) lib/active_support/tagged_logging.rb:68:in `tagged'
  railties (4.2.1) lib/rails/rack/logger.rb:20:in `call'
  actionpack (4.2.1) lib/action_dispatch/middleware/request_id.rb:21:in `call'
  rack (1.6.1) lib/rack/methodoverride.rb:22:in `call'
  rack (1.6.1) lib/rack/runtime.rb:18:in `call'
  activesupport (4.2.1) lib/active_support/cache/strategy/local_cache_middleware.rb:28:in `call'
  rack (1.6.1) lib/rack/sendfile.rb:113:in `call'
  railties (4.2.1) lib/rails/engine.rb:518:in `call'
  railties (4.2.1) lib/rails/application.rb:164:in `call'
  unicorn (4.9.0) lib/unicorn/http_server.rb:580:in `process_client'
  unicorn (4.9.0) lib/unicorn/http_server.rb:674:in `worker_loop'
  unicorn (4.9.0) lib/unicorn/http_server.rb:529:in `spawn_missing_workers'
  unicorn (4.9.0) lib/unicorn/http_server.rb:140:in `start'
  unicorn (4.9.0) bin/unicorn:126:in `<top (required)>'
  /usr/local/rvm/gems/ruby-2.2.1/bin/unicorn:23:in `load'
  /usr/local/rvm/gems/ruby-2.2.1/bin/unicorn:23:in `<main>'
  /usr/local/rvm/gems/ruby-2.2.1@global/bin/ruby_executable_hooks:15:in `eval'
  /usr/local/rvm/gems/ruby-2.2.1@global/bin/ruby_executable_hooks:15:in `<main>'


I, [2015-08-13T18:39:14.269597 #1532]  INFO -- : Started GET "/" for 176.219.148.246 at 2015-08-13 18:39:14 -0400
I, [2015-08-13T18:39:14.296440 #1532]  INFO -- : Processing by HomeController#index as HTML
I, [2015-08-13T18:39:14.306694 #1532]  INFO -- :   Rendered home/index.html.erb within layouts/application (1.0ms)
I, [2015-08-13T18:39:14.308196 #1532]  INFO -- : Completed 200 OK in 12ms (Views: 4.0ms | ActiveRecord: 0.0ms)
I, [2015-08-13T18:39:14.700546 #1529]  INFO -- : Started GET "/" for 176.219.148.246 at 2015-08-13 18:39:14 -0400
I, [2015-08-13T18:39:14.703292 #1529]  INFO -- : Processing by HomeController#index as HTML
I, [2015-08-13T18:39:14.705406 #1529]  INFO -- :   Rendered home/index.html.erb within layouts/application (0.2ms)
I, [2015-08-13T18:39:14.706848 #1529]  INFO -- : Completed 200 OK in 3ms (Views: 2.0ms | ActiveRecord: 0.0ms)
I, [2015-08-13T18:39:14.810847 #1532]  INFO -- : Started GET "/" for 176.219.148.246 at 2015-08-13 18:39:14 -0400
I, [2015-08-13T18:39:14.814656 #1532]  INFO -- : Processing by HomeController#index as HTML
I, [2015-08-13T18:39:14.817343 #1532]  INFO -- :   Rendered home/index.html.erb within layouts/application (0.2ms)
I, [2015-08-13T18:39:14.818897 #1532]  INFO -- : Completed 200 OK in 4ms (Views: 2.3ms | ActiveRecord: 0.0ms)
I, [2015-08-13T18:39:14.976537 #1529]  INFO -- : Started GET "/" for 176.219.148.246 at 2015-08-13 18:39:14 -0400
I, [2015-08-13T18:39:14.979102 #1529]  INFO -- : Processing by HomeController#index as HTML
I, [2015-08-13T18:39:14.981197 #1529]  INFO -- :   Rendered home/index.html.erb within layouts/application (0.2ms)
I, [2015-08-13T18:39:14.982923 #1529]  INFO -- : Completed 200 OK in 3ms (Views: 2.1ms | ActiveRecord: 0.0ms)
I, [2015-08-13T18:39:21.638195 #1532]  INFO -- : Started GET "/" for 176.219.148.246 at 2015-08-13 18:39:21 -0400
I, [2015-08-13T18:39:21.639853 #1532]  INFO -- : Processing by HomeController#index as HTML
I, [2015-08-13T18:39:21.641060 #1532]  INFO -- :   Rendered home/index.html.erb within layouts/application (0.1ms)
I, [2015-08-13T18:39:21.641929 #1532]  INFO -- : Completed 200 OK in 2ms (Views: 1.3ms | ActiveRecord: 0.0ms)
I, [2015-08-13T18:39:21.912556 #1524]  INFO -- : Started GET "/" for 176.219.148.246 at 2015-08-13 18:39:21 -0400
I, [2015-08-13T18:39:21.915449 #1524]  INFO -- : Processing by HomeController#index as HTML
I, [2015-08-13T18:39:21.925809 #1524]  INFO -- :   Rendered home/index.html.erb within layouts/application (1.1ms)
I, [2015-08-13T18:39:21.927684 #1524]  INFO -- : Completed 200 OK in 12ms (Views: 4.5ms | ActiveRecord: 0.0ms)
I, [2015-08-13T18:39:22.052089 #1532]  INFO -- : Started GET "/" for 176.219.148.246 at 2015-08-13 18:39:22 -0400
I, [2015-08-13T18:39:22.053632 #1532]  INFO -- : Processing by HomeController#index as HTML
I, [2015-08-13T18:39:22.054766 #1532]  INFO -- :   Rendered home/index.html.erb within layouts/application (0.1ms)
I, [2015-08-13T18:39:22.055570 #1532]  INFO -- : Completed 200 OK in 2ms (Views: 1.2ms | ActiveRecord: 0.0ms)
I, [2015-08-13T18:39:22.222913 #1529]  INFO -- : Started GET "/stylesheets/application.css" for 176.219.148.246 at 2015-08-13 18:39:22 -0400
F, [2015-08-13T18:39:22.224569 #1529] FATAL -- : 
ActionController::RoutingError (No route matches [GET] "/stylesheets/application.css"):
  actionpack (4.2.1) lib/action_dispatch/middleware/debug_exceptions.rb:21:in `call'
  actionpack (4.2.1) lib/action_dispatch/middleware/show_exceptions.rb:30:in `call'
  railties (4.2.1) lib/rails/rack/logger.rb:38:in `call_app'
  railties (4.2.1) lib/rails/rack/logger.rb:20:in `block in call'
  activesupport (4.2.1) lib/active_support/tagged_logging.rb:68:in `block in tagged'
  activesupport (4.2.1) lib/active_support/tagged_logging.rb:26:in `tagged'
  activesupport (4.2.1) lib/active_support/tagged_logging.rb:68:in `tagged'
  railties (4.2.1) lib/rails/rack/logger.rb:20:in `call'
  actionpack (4.2.1) lib/action_dispatch/middleware/request_id.rb:21:in `call'
  rack (1.6.1) lib/rack/methodoverride.rb:22:in `call'
  rack (1.6.1) lib/rack/runtime.rb:18:in `call'
  activesupport (4.2.1) lib/active_support/cache/strategy/local_cache_middleware.rb:28:in `call'
  rack (1.6.1) lib/rack/sendfile.rb:113:in `call'
  railties (4.2.1) lib/rails/engine.rb:518:in `call'
  railties (4.2.1) lib/rails/application.rb:164:in `call'
  unicorn (4.9.0) lib/unicorn/http_server.rb:580:in `process_client'
  unicorn (4.9.0) lib/unicorn/http_server.rb:674:in `worker_loop'
  unicorn (4.9.0) lib/unicorn/http_server.rb:529:in `spawn_missing_workers'
  unicorn (4.9.0) lib/unicorn/http_server.rb:140:in `start'
  unicorn (4.9.0) bin/unicorn:126:in `<top (required)>'
  /usr/local/rvm/gems/ruby-2.2.1/bin/unicorn:23:in `load'
  /usr/local/rvm/gems/ruby-2.2.1/bin/unicorn:23:in `<main>'
  /usr/local/rvm/gems/ruby-2.2.1@global/bin/ruby_executable_hooks:15:in `eval'
  /usr/local/rvm/gems/ruby-2.2.1@global/bin/ruby_executable_hooks:15:in `<main>'


I, [2015-08-13T18:39:22.337832 #1526]  INFO -- : Started GET "/javascripts/application.js" for 176.219.148.246 at 2015-08-13 18:39:22 -0400
F, [2015-08-13T18:39:22.382915 #1526] FATAL -- : 
ActionController::RoutingError (No route matches [GET] "/javascripts/application.js"):
  actionpack (4.2.1) lib/action_dispatch/middleware/debug_exceptions.rb:21:in `call'
  actionpack (4.2.1) lib/action_dispatch/middleware/show_exceptions.rb:30:in `call'
  railties (4.2.1) lib/rails/rack/logger.rb:38:in `call_app'
  railties (4.2.1) lib/rails/rack/logger.rb:20:in `block in call'
  activesupport (4.2.1) lib/active_support/tagged_logging.rb:68:in `block in tagged'
  activesupport (4.2.1) lib/active_support/tagged_logging.rb:26:in `tagged'
  activesupport (4.2.1) lib/active_support/tagged_logging.rb:68:in `tagged'
  railties (4.2.1) lib/rails/rack/logger.rb:20:in `call'
  actionpack (4.2.1) lib/action_dispatch/middleware/request_id.rb:21:in `call'
  rack (1.6.1) lib/rack/methodoverride.rb:22:in `call'
  rack (1.6.1) lib/rack/runtime.rb:18:in `call'
  activesupport (4.2.1) lib/active_support/cache/strategy/local_cache_middleware.rb:28:in `call'
  rack (1.6.1) lib/rack/sendfile.rb:113:in `call'
  railties (4.2.1) lib/rails/engine.rb:518:in `call'
  railties (4.2.1) lib/rails/application.rb:164:in `call'
  unicorn (4.9.0) lib/unicorn/http_server.rb:580:in `process_client'
  unicorn (4.9.0) lib/unicorn/http_server.rb:674:in `worker_loop'
  unicorn (4.9.0) lib/unicorn/http_server.rb:529:in `spawn_missing_workers'
  unicorn (4.9.0) lib/unicorn/http_server.rb:140:in `start'
  unicorn (4.9.0) bin/unicorn:126:in `<top (required)>'
  /usr/local/rvm/gems/ruby-2.2.1/bin/unicorn:23:in `load'
  /usr/local/rvm/gems/ruby-2.2.1/bin/unicorn:23:in `<main>'
  /usr/local/rvm/gems/ruby-2.2.1@global/bin/ruby_executable_hooks:15:in `eval'
  /usr/local/rvm/gems/ruby-2.2.1@global/bin/ruby_executable_hooks:15:in `<main>'


I, [2015-08-13T18:43:56.581503 #1532]  INFO -- : Started GET "/" for 176.219.148.246 at 2015-08-13 18:43:56 -0400
I, [2015-08-13T18:43:56.583114 #1532]  INFO -- : Processing by HomeController#index as HTML
I, [2015-08-13T18:43:56.584294 #1532]  INFO -- :   Rendered home/index.html.erb within layouts/application (0.1ms)
I, [2015-08-13T18:43:56.585039 #1532]  INFO -- : Completed 200 OK in 2ms (Views: 1.2ms | ActiveRecord: 0.0ms)
I, [2015-08-13T18:47:32.829027 #1524]  INFO -- : Started GET "/" for 176.219.148.246 at 2015-08-13 18:47:32 -0400
I, [2015-08-13T18:47:32.838377 #1524]  INFO -- : Processing by HomeController#index as HTML
I, [2015-08-13T18:47:32.843495 #1524]  INFO -- :   Rendered home/index.html.erb within layouts/application (0.4ms)
I, [2015-08-13T18:47:32.845374 #1524]  INFO -- : Completed 200 OK in 7ms (Views: 3.9ms | ActiveRecord: 0.0ms)
I, [2015-08-13T18:47:33.038966 #1532]  INFO -- : Started GET "/stylesheets/application.css" for 176.219.148.246 at 2015-08-13 18:47:33 -0400
F, [2015-08-13T18:47:33.045140 #1532] FATAL -- : 
ActionController::RoutingError (No route matches [GET] "/stylesheets/application.css"):
  actionpack (4.2.1) lib/action_dispatch/middleware/debug_exceptions.rb:21:in `call'
  actionpack (4.2.1) lib/action_dispatch/middleware/show_exceptions.rb:30:in `call'
  railties (4.2.1) lib/rails/rack/logger.rb:38:in `call_app'
  railties (4.2.1) lib/rails/rack/logger.rb:20:in `block in call'
  activesupport (4.2.1) lib/active_support/tagged_logging.rb:68:in `block in tagged'
  activesupport (4.2.1) lib/active_support/tagged_logging.rb:26:in `tagged'
  activesupport (4.2.1) lib/active_support/tagged_logging.rb:68:in `tagged'
  railties (4.2.1) lib/rails/rack/logger.rb:20:in `call'
  actionpack (4.2.1) lib/action_dispatch/middleware/request_id.rb:21:in `call'
  rack (1.6.1) lib/rack/methodoverride.rb:22:in `call'
  rack (1.6.1) lib/rack/runtime.rb:18:in `call'
  activesupport (4.2.1) lib/active_support/cache/strategy/local_cache_middleware.rb:28:in `call'
  rack (1.6.1) lib/rack/sendfile.rb:113:in `call'
  railties (4.2.1) lib/rails/engine.rb:518:in `call'
  railties (4.2.1) lib/rails/application.rb:164:in `call'
  unicorn (4.9.0) lib/unicorn/http_server.rb:580:in `process_client'
  unicorn (4.9.0) lib/unicorn/http_server.rb:674:in `worker_loop'
  unicorn (4.9.0) lib/unicorn/http_server.rb:529:in `spawn_missing_workers'
  unicorn (4.9.0) lib/unicorn/http_server.rb:140:in `start'
  unicorn (4.9.0) bin/unicorn:126:in `<top (required)>'
  /usr/local/rvm/gems/ruby-2.2.1/bin/unicorn:23:in `load'
  /usr/local/rvm/gems/ruby-2.2.1/bin/unicorn:23:in `<main>'
  /usr/local/rvm/gems/ruby-2.2.1@global/bin/ruby_executable_hooks:15:in `eval'
  /usr/local/rvm/gems/ruby-2.2.1@global/bin/ruby_executable_hooks:15:in `<main>'


I, [2015-08-13T18:47:33.108481 #1524]  INFO -- : Started GET "/javascripts/application.js" for 176.219.148.246 at 2015-08-13 18:47:33 -0400
F, [2015-08-13T18:47:33.111120 #1524] FATAL -- : 
ActionController::RoutingError (No route matches [GET] "/javascripts/application.js"):
  actionpack (4.2.1) lib/action_dispatch/middleware/debug_exceptions.rb:21:in `call'
  actionpack (4.2.1) lib/action_dispatch/middleware/show_exceptions.rb:30:in `call'
  railties (4.2.1) lib/rails/rack/logger.rb:38:in `call_app'
  railties (4.2.1) lib/rails/rack/logger.rb:20:in `block in call'
  activesupport (4.2.1) lib/active_support/tagged_logging.rb:68:in `block in tagged'
  activesupport (4.2.1) lib/active_support/tagged_logging.rb:26:in `tagged'
  activesupport (4.2.1) lib/active_support/tagged_logging.rb:68:in `tagged'
  railties (4.2.1) lib/rails/rack/logger.rb:20:in `call'
  actionpack (4.2.1) lib/action_dispatch/middleware/request_id.rb:21:in `call'
  rack (1.6.1) lib/rack/methodoverride.rb:22:in `call'
  rack (1.6.1) lib/rack/runtime.rb:18:in `call'
  activesupport (4.2.1) lib/active_support/cache/strategy/local_cache_middleware.rb:28:in `call'
  rack (1.6.1) lib/rack/sendfile.rb:113:in `call'
  railties (4.2.1) lib/rails/engine.rb:518:in `call'
  railties (4.2.1) lib/rails/application.rb:164:in `call'
  unicorn (4.9.0) lib/unicorn/http_server.rb:580:in `process_client'
  unicorn (4.9.0) lib/unicorn/http_server.rb:674:in `worker_loop'
  unicorn (4.9.0) lib/unicorn/http_server.rb:529:in `spawn_missing_workers'
  unicorn (4.9.0) lib/unicorn/http_server.rb:140:in `start'
  unicorn (4.9.0) bin/unicorn:126:in `<top (required)>'
  /usr/local/rvm/gems/ruby-2.2.1/bin/unicorn:23:in `load'
  /usr/local/rvm/gems/ruby-2.2.1/bin/unicorn:23:in `<main>'
  /usr/local/rvm/gems/ruby-2.2.1@global/bin/ruby_executable_hooks:15:in `eval'
  /usr/local/rvm/gems/ruby-2.2.1@global/bin/ruby_executable_hooks:15:in `<main>'


